<?xml version="1.0" encoding="UTF-8"?>
<testng-results skipped="0" failed="0" total="3" passed="3">
  <reporter-output>
  </reporter-output>
  <suite name="Default suite" duration-ms="37547" started-at="2019-07-02T05:33:04Z" finished-at="2019-07-02T05:33:42Z">
    <groups>
    </groups>
    <test name="Default test" duration-ms="37547" started-at="2019-07-02T05:33:04Z" finished-at="2019-07-02T05:33:42Z">
      <class name="com.training.sanity.tests.ELTC_021_DeleteCourse">
        <test-method status="PASS" signature="setUpBeforeClass()[pri:0, instance:com.training.sanity.tests.ELTC_021_DeleteCourse@2a18f23c]" name="setUpBeforeClass" is-config="true" duration-ms="12197" started-at="2019-07-02T11:03:04Z" finished-at="2019-07-02T11:03:16Z">
          <reporter-output>
          </reporter-output>
        </test-method> <!-- setUpBeforeClass -->
        <test-method status="PASS" signature="validLoginTest()[pri:1, instance:com.training.sanity.tests.ELTC_021_DeleteCourse@2a18f23c]" name="validLoginTest" duration-ms="7828" started-at="2019-07-02T11:03:16Z" finished-at="2019-07-02T11:03:24Z">
          <reporter-output>
          </reporter-output>
        </test-method> <!-- validLoginTest -->
        <test-method status="PASS" signature="editUser()[pri:2, instance:com.training.sanity.tests.ELTC_021_DeleteCourse@2a18f23c]" name="editUser" duration-ms="4303" started-at="2019-07-02T11:03:24Z" finished-at="2019-07-02T11:03:28Z">
          <reporter-output>
          </reporter-output>
        </test-method> <!-- editUser -->
        <test-method status="PASS" signature="deleteCourse()[pri:3, instance:com.training.sanity.tests.ELTC_021_DeleteCourse@2a18f23c]" name="deleteCourse" duration-ms="11207" started-at="2019-07-02T11:03:28Z" finished-at="2019-07-02T11:03:40Z">
          <reporter-output>
          </reporter-output>
        </test-method> <!-- deleteCourse -->
        <test-method status="PASS" signature="tearDown()[pri:0, instance:com.training.sanity.tests.ELTC_021_DeleteCourse@2a18f23c]" name="tearDown" is-config="true" duration-ms="1980" started-at="2019-07-02T11:03:40Z" finished-at="2019-07-02T11:03:42Z">
          <reporter-output>
          </reporter-output>
        </test-method> <!-- tearDown -->
      </class> <!-- com.training.sanity.tests.ELTC_021_DeleteCourse -->
    </test> <!-- Default test -->
  </suite> <!-- Default suite -->
</testng-results>
