<?xml version="1.0" encoding="UTF-8"?>
<testng-results skipped="0" failed="0" total="3" passed="3">
  <reporter-output>
  </reporter-output>
  <suite name="Default suite" duration-ms="36981" started-at="2019-07-16T07:36:31Z" finished-at="2019-07-16T07:37:08Z">
    <groups>
    </groups>
    <test name="Default test" duration-ms="36981" started-at="2019-07-16T07:36:31Z" finished-at="2019-07-16T07:37:08Z">
      <class name="com.training.sanity.tests.ELTC_051_ModifyUserDetails">
        <test-method status="PASS" signature="setUpBeforeClass()[pri:0, instance:com.training.sanity.tests.ELTC_051_ModifyUserDetails@16c0663d]" name="setUpBeforeClass" is-config="true" duration-ms="10635" started-at="2019-07-16T13:06:31Z" finished-at="2019-07-16T13:06:42Z">
          <reporter-output>
          </reporter-output>
        </test-method> <!-- setUpBeforeClass -->
        <test-method status="PASS" signature="validLoginTest()[pri:1, instance:com.training.sanity.tests.ELTC_051_ModifyUserDetails@16c0663d]" name="validLoginTest" duration-ms="5196" started-at="2019-07-16T13:06:42Z" finished-at="2019-07-16T13:06:47Z">
          <reporter-output>
          </reporter-output>
        </test-method> <!-- validLoginTest -->
        <test-method status="PASS" signature="editUser()[pri:2, instance:com.training.sanity.tests.ELTC_051_ModifyUserDetails@16c0663d]" name="editUser" duration-ms="1541" started-at="2019-07-16T13:06:47Z" finished-at="2019-07-16T13:06:48Z">
          <reporter-output>
          </reporter-output>
        </test-method> <!-- editUser -->
        <test-method status="PASS" signature="ModifyUserDetailscheck()[pri:3, instance:com.training.sanity.tests.ELTC_051_ModifyUserDetails@16c0663d]" name="ModifyUserDetailscheck" duration-ms="17547" started-at="2019-07-16T13:06:48Z" finished-at="2019-07-16T13:07:06Z">
          <reporter-output>
          </reporter-output>
        </test-method> <!-- ModifyUserDetailscheck -->
        <test-method status="PASS" signature="tearDown()[pri:0, instance:com.training.sanity.tests.ELTC_051_ModifyUserDetails@16c0663d]" name="tearDown" is-config="true" duration-ms="2036" started-at="2019-07-16T13:07:06Z" finished-at="2019-07-16T13:07:08Z">
          <reporter-output>
          </reporter-output>
        </test-method> <!-- tearDown -->
      </class> <!-- com.training.sanity.tests.ELTC_051_ModifyUserDetails -->
    </test> <!-- Default test -->
  </suite> <!-- Default suite -->
</testng-results>
