<?xml version="1.0" encoding="UTF-8"?>
<!-- Generated by org.testng.reporters.JUnitXMLReporter -->
<testsuite hostname="DESKTOP-4PA23OJ" name="Default test" tests="3" failures="0" timestamp="2 Jul 2019 05:33:42 GMT" time="37.547" errors="0">
  <testcase name="validLoginTest" time="7.828" classname="com.training.sanity.tests.ELTC_021_DeleteCourse"/>
  <testcase name="editUser" time="4.303" classname="com.training.sanity.tests.ELTC_021_DeleteCourse"/>
  <testcase name="deleteCourse" time="11.207" classname="com.training.sanity.tests.ELTC_021_DeleteCourse"/>
</testsuite> <!-- Default test -->
